{"C:\\Users\\NigelvanKeulenGoodad\\Desktop\\goodadvice\\Packages\\wagtail_fedit\\wagtail_fedit\\static_src\\components\\modal.ts": {"path":"C:\\Users\\NigelvanKeulenGoodad\\Desktop\\goodadvice\\Packages\\wagtail_fedit\\wagtail_fedit\\static_src\\components\\modal.ts","statementMap":{"0":{"start":{"line":8,"column":24},"end":{"line":8,"column":45}},"1":{"start":{"line":5,"column":4},"end":{"line":5,"column":19}},"2":{"start":{"line":9,"column":18},"end":{"line":13,"column":null}},"3":{"start":{"line":35,"column":8},"end":{"line":35,"column":31}},"4":{"start":{"line":36,"column":8},"end":{"line":36,"column":75}},"5":{"start":{"line":40,"column":22},"end":{"line":40,"column":75}},"6":{"start":{"line":41,"column":8},"end":{"line":43,"column":9}},"7":{"start":{"line":42,"column":12},"end":{"line":42,"column":42}},"8":{"start":{"line":44,"column":8},"end":{"line":44,"column":48}},"9":{"start":{"line":45,"column":8},"end":{"line":45,"column":50}},"10":{"start":{"line":46,"column":8},"end":{"line":46,"column":60}},"11":{"start":{"line":47,"column":8},"end":{"line":47,"column":43}},"12":{"start":{"line":48,"column":8},"end":{"line":48,"column":38}},"13":{"start":{"line":52,"column":8},"end":{"line":52,"column":67}},"14":{"start":{"line":56,"column":20},"end":{"line":56,"column":69}},"15":{"start":{"line":58,"column":8},"end":{"line":61,"column":9}},"16":{"start":{"line":59,"column":12},"end":{"line":59,"column":27}},"17":{"start":{"line":60,"column":12},"end":{"line":60,"column":25}},"18":{"start":{"line":63,"column":8},"end":{"line":65,"column":9}},"19":{"start":{"line":64,"column":12},"end":{"line":64,"column":38}},"20":{"start":{"line":67,"column":17},"end":{"line":67,"column":38}},"21":{"start":{"line":68,"column":8},"end":{"line":68,"column":24}},"22":{"start":{"line":69,"column":8},"end":{"line":69,"column":18}},"23":{"start":{"line":73,"column":8},"end":{"line":73,"column":36}},"24":{"start":{"line":77,"column":8},"end":{"line":77,"column":36}},"25":{"start":{"line":81,"column":8},"end":{"line":81,"column":32}},"26":{"start":{"line":85,"column":8},"end":{"line":85,"column":36}},"27":{"start":{"line":89,"column":8},"end":{"line":89,"column":35}},"28":{"start":{"line":93,"column":22},"end":{"line":93,"column":34}},"29":{"start":{"line":94,"column":20},"end":{"line":94,"column":80}},"30":{"start":{"line":95,"column":8},"end":{"line":98,"column":9}},"31":{"start":{"line":96,"column":12},"end":{"line":96,"column":47}},"32":{"start":{"line":97,"column":12},"end":{"line":97,"column":81}},"33":{"start":{"line":100,"column":8},"end":{"line":102,"column":9}},"34":{"start":{"line":101,"column":12},"end":{"line":101,"column":31}},"35":{"start":{"line":104,"column":8},"end":{"line":104,"column":37}},"36":{"start":{"line":108,"column":8},"end":{"line":108,"column":44}},"37":{"start":{"line":112,"column":8},"end":{"line":112,"column":47}},"38":{"start":{"line":116,"column":8},"end":{"line":116,"column":43}},"39":{"start":{"line":118,"column":8},"end":{"line":120,"column":9}},"40":{"start":{"line":119,"column":12},"end":{"line":119,"column":34}},"41":{"start":{"line":124,"column":8},"end":{"line":124,"column":46}},"42":{"start":{"line":125,"column":8},"end":{"line":125,"column":36}},"43":{"start":{"line":127,"column":8},"end":{"line":129,"column":9}},"44":{"start":{"line":128,"column":12},"end":{"line":128,"column":35}},"45":{"start":{"line":133,"column":8},"end":{"line":133,"column":30}},"46":{"start":{"line":135,"column":8},"end":{"line":137,"column":9}},"47":{"start":{"line":136,"column":12},"end":{"line":136,"column":37}},"48":{"start":{"line":141,"column":8},"end":{"line":143,"column":9}},"49":{"start":{"line":142,"column":12},"end":{"line":142,"column":19}},"50":{"start":{"line":144,"column":8},"end":{"line":146,"column":9}},"51":{"start":{"line":144,"column":21},"end":{"line":144,"column":22}},"52":{"start":{"line":145,"column":12},"end":{"line":145,"column":48}},"53":{"start":{"line":150,"column":8},"end":{"line":150,"column":38}},"54":{"start":{"line":154,"column":8},"end":{"line":156,"column":9}},"55":{"start":{"line":155,"column":12},"end":{"line":155,"column":25}},"56":{"start":{"line":158,"column":8},"end":{"line":158,"column":35}},"57":{"start":{"line":160,"column":28},"end":{"line":162,"column":10}},"58":{"start":{"line":164,"column":8},"end":{"line":164,"column":46}},"59":{"start":{"line":168,"column":8},"end":{"line":168,"column":53}},"60":{"start":{"line":172,"column":8},"end":{"line":172,"column":56}},"61":{"start":{"line":2,"column":4},"end":{"line":2,"column":15}}},"fnMap":{"0":{"name":"(anonymous_0)","decl":{"start":{"line":34,"column":4},"end":{"line":34,"column":16}},"loc":{"start":{"line":34,"column":37},"end":{"line":37,"column":5}}},"1":{"name":"(anonymous_1)","decl":{"start":{"line":39,"column":4},"end":{"line":39,"column":10}},"loc":{"start":{"line":39,"column":27},"end":{"line":49,"column":5}}},"2":{"name":"(anonymous_2)","decl":{"start":{"line":51,"column":4},"end":{"line":51,"column":8}},"loc":{"start":{"line":51,"column":15},"end":{"line":53,"column":5}}},"3":{"name":"(anonymous_3)","decl":{"start":{"line":55,"column":4},"end":{"line":55,"column":8}},"loc":{"start":{"line":55,"column":13},"end":{"line":70,"column":5}}},"4":{"name":"(anonymous_4)","decl":{"start":{"line":72,"column":4},"end":{"line":72,"column":8}},"loc":{"start":{"line":72,"column":17},"end":{"line":74,"column":5}}},"5":{"name":"(anonymous_5)","decl":{"start":{"line":76,"column":4},"end":{"line":76,"column":8}},"loc":{"start":{"line":76,"column":30},"end":{"line":78,"column":5}}},"6":{"name":"(anonymous_6)","decl":{"start":{"line":80,"column":4},"end":{"line":80,"column":8}},"loc":{"start":{"line":80,"column":13},"end":{"line":82,"column":5}}},"7":{"name":"(anonymous_7)","decl":{"start":{"line":84,"column":4},"end":{"line":84,"column":8}},"loc":{"start":{"line":84,"column":17},"end":{"line":86,"column":5}}},"8":{"name":"(anonymous_8)","decl":{"start":{"line":88,"column":4},"end":{"line":88,"column":8}},"loc":{"start":{"line":88,"column":16},"end":{"line":90,"column":5}}},"9":{"name":"(anonymous_9)","decl":{"start":{"line":92,"column":4},"end":{"line":92,"column":14}},"loc":{"start":{"line":92,"column":14},"end":{"line":105,"column":5}}},"10":{"name":"(anonymous_10)","decl":{"start":{"line":107,"column":4},"end":{"line":107,"column":12}},"loc":{"start":{"line":107,"column":30},"end":{"line":109,"column":5}}},"11":{"name":"(anonymous_11)","decl":{"start":{"line":111,"column":4},"end":{"line":111,"column":15}},"loc":{"start":{"line":111,"column":33},"end":{"line":113,"column":5}}},"12":{"name":"(anonymous_12)","decl":{"start":{"line":115,"column":4},"end":{"line":115,"column":13}},"loc":{"start":{"line":115,"column":13},"end":{"line":121,"column":5}}},"13":{"name":"(anonymous_13)","decl":{"start":{"line":123,"column":4},"end":{"line":123,"column":14}},"loc":{"start":{"line":123,"column":14},"end":{"line":130,"column":5}}},"14":{"name":"(anonymous_14)","decl":{"start":{"line":132,"column":4},"end":{"line":132,"column":11}},"loc":{"start":{"line":132,"column":11},"end":{"line":138,"column":5}}},"15":{"name":"(anonymous_15)","decl":{"start":{"line":140,"column":4},"end":{"line":140,"column":15}},"loc":{"start":{"line":140,"column":42},"end":{"line":147,"column":5}}},"16":{"name":"(anonymous_16)","decl":{"start":{"line":149,"column":4},"end":{"line":149,"column":15}},"loc":{"start":{"line":149,"column":34},"end":{"line":151,"column":5}}},"17":{"name":"(anonymous_17)","decl":{"start":{"line":153,"column":4},"end":{"line":153,"column":17}},"loc":{"start":{"line":153,"column":46},"end":{"line":165,"column":5}}},"18":{"name":"(anonymous_18)","decl":{"start":{"line":167,"column":4},"end":{"line":167,"column":20}},"loc":{"start":{"line":167,"column":59},"end":{"line":169,"column":5}}},"19":{"name":"(anonymous_19)","decl":{"start":{"line":171,"column":4},"end":{"line":171,"column":23}},"loc":{"start":{"line":171,"column":62},"end":{"line":173,"column":5}}}},"branchMap":{"0":{"loc":{"start":{"line":41,"column":8},"end":{"line":43,"column":9}},"type":"if","locations":[{"start":{"line":41,"column":8},"end":{"line":43,"column":9}}]},"1":{"loc":{"start":{"line":58,"column":8},"end":{"line":61,"column":9}},"type":"if","locations":[{"start":{"line":58,"column":8},"end":{"line":61,"column":9}}]},"2":{"loc":{"start":{"line":58,"column":12},"end":{"line":58,"column":84}},"type":"binary-expr","locations":[{"start":{"line":58,"column":12},"end":{"line":58,"column":17}},{"start":{"line":58,"column":21},"end":{"line":58,"column":84}}]},"3":{"loc":{"start":{"line":63,"column":8},"end":{"line":65,"column":9}},"type":"if","locations":[{"start":{"line":63,"column":8},"end":{"line":65,"column":9}}]},"4":{"loc":{"start":{"line":95,"column":8},"end":{"line":98,"column":9}},"type":"if","locations":[{"start":{"line":95,"column":8},"end":{"line":98,"column":9}}]},"5":{"loc":{"start":{"line":100,"column":8},"end":{"line":102,"column":9}},"type":"if","locations":[{"start":{"line":100,"column":8},"end":{"line":102,"column":9}}]},"6":{"loc":{"start":{"line":118,"column":8},"end":{"line":120,"column":9}},"type":"if","locations":[{"start":{"line":118,"column":8},"end":{"line":120,"column":9}}]},"7":{"loc":{"start":{"line":127,"column":8},"end":{"line":129,"column":9}},"type":"if","locations":[{"start":{"line":127,"column":8},"end":{"line":129,"column":9}}]},"8":{"loc":{"start":{"line":135,"column":8},"end":{"line":137,"column":9}},"type":"if","locations":[{"start":{"line":135,"column":8},"end":{"line":137,"column":9}}]},"9":{"loc":{"start":{"line":141,"column":8},"end":{"line":143,"column":9}},"type":"if","locations":[{"start":{"line":141,"column":8},"end":{"line":143,"column":9}}]},"10":{"loc":{"start":{"line":154,"column":8},"end":{"line":156,"column":9}},"type":"if","locations":[{"start":{"line":154,"column":8},"end":{"line":156,"column":9}}]}},"s":{"0":1,"1":1,"2":1,"3":5,"4":5,"5":26,"6":26,"7":21,"8":5,"9":5,"10":5,"11":5,"12":5,"13":26,"14":6,"15":6,"16":0,"17":0,"18":6,"19":1,"20":6,"21":6,"22":6,"23":0,"24":0,"25":0,"26":0,"27":0,"28":5,"29":5,"30":5,"31":5,"32":5,"33":5,"34":5,"35":5,"36":2,"37":1,"38":5,"39":5,"40":5,"41":1,"42":1,"43":1,"44":1,"45":5,"46":5,"47":5,"48":0,"49":0,"50":0,"51":0,"52":0,"53":0,"54":0,"55":0,"56":0,"57":0,"58":0,"59":0,"60":0,"61":1},"f":{"0":5,"1":26,"2":26,"3":6,"4":0,"5":0,"6":0,"7":0,"8":0,"9":5,"10":2,"11":1,"12":5,"13":1,"14":5,"15":0,"16":0,"17":0,"18":0,"19":0},"b":{"0":[21],"1":[0],"2":[6,5],"3":[1],"4":[5],"5":[5],"6":[5],"7":[1],"8":[5],"9":[0],"10":[0]}}
}
