TN:
SF:wagtail_fedit\static_src\components\modal.ts
FN:34,(anonymous_0)
FN:39,(anonymous_1)
FN:51,(anonymous_2)
FN:55,(anonymous_3)
FN:72,(anonymous_4)
FN:76,(anonymous_5)
FN:80,(anonymous_6)
FN:84,(anonymous_7)
FN:88,(anonymous_8)
FN:92,(anonymous_9)
FN:107,(anonymous_10)
FN:111,(anonymous_11)
FN:115,(anonymous_12)
FN:123,(anonymous_13)
FN:132,(anonymous_14)
FN:140,(anonymous_15)
FN:149,(anonymous_16)
FN:153,(anonymous_17)
FN:167,(anonymous_18)
FN:171,(anonymous_19)
FNF:20
FNH:10
FNDA:5,(anonymous_0)
FNDA:26,(anonymous_1)
FNDA:26,(anonymous_2)
FNDA:6,(anonymous_3)
FNDA:0,(anonymous_4)
FNDA:0,(anonymous_5)
FNDA:0,(anonymous_6)
FNDA:0,(anonymous_7)
FNDA:0,(anonymous_8)
FNDA:5,(anonymous_9)
FNDA:2,(anonymous_10)
FNDA:1,(anonymous_11)
FNDA:5,(anonymous_12)
FNDA:1,(anonymous_13)
FNDA:5,(anonymous_14)
FNDA:0,(anonymous_15)
FNDA:0,(anonymous_16)
FNDA:0,(anonymous_17)
FNDA:0,(anonymous_18)
FNDA:0,(anonymous_19)
DA:2,1
DA:5,1
DA:8,1
DA:9,1
DA:35,5
DA:36,5
DA:40,26
DA:41,26
DA:42,21
DA:44,5
DA:45,5
DA:46,5
DA:47,5
DA:48,5
DA:52,26
DA:56,6
DA:58,6
DA:59,0
DA:60,0
DA:63,6
DA:64,1
DA:67,6
DA:68,6
DA:69,6
DA:73,0
DA:77,0
DA:81,0
DA:85,0
DA:89,0
DA:93,5
DA:94,5
DA:95,5
DA:96,5
DA:97,5
DA:100,5
DA:101,5
DA:104,5
DA:108,2
DA:112,1
DA:116,5
DA:118,5
DA:119,5
DA:124,1
DA:125,1
DA:127,1
DA:128,1
DA:133,5
DA:135,5
DA:136,5
DA:141,0
DA:142,0
DA:144,0
DA:145,0
DA:150,0
DA:154,0
DA:155,0
DA:158,0
DA:160,0
DA:164,0
DA:168,0
DA:172,0
LF:61
LH:42
BRDA:41,0,0,21
BRDA:58,1,0,0
BRDA:58,2,0,6
BRDA:58,2,1,5
BRDA:63,3,0,1
BRDA:95,4,0,5
BRDA:100,5,0,5
BRDA:118,6,0,5
BRDA:127,7,0,1
BRDA:135,8,0,5
BRDA:141,9,0,0
BRDA:154,10,0,0
BRF:12
BRH:9
end_of_record
